<?xml version="1.0" encoding="UTF-8"?>
<!-- Generated by org.testng.reporters.JUnitReportReporter -->
<testsuite hostname="INBENKARSELVAN1" failures="0" tests="1" name="com.automation.tests.BookFlight" time="13.855" errors="0" timestamp="2022-06-02T09:14:58 IST" skipped="0">
  <testcase classname="com.automation.tests.BookFlight" name="Test_BookFlight_1" time="13.855"/>
  <system-out/>
</testsuite> <!-- com.automation.tests.BookFlight -->
